<?xml version="1.0" encoding="UTF-8"?>
<testsuite xmlns:xsi="http://www.w3.org/2001/XMLSchema-instance" xsi:noNamespaceSchemaLocation="https://maven.apache.org/surefire/maven-surefire-plugin/xsd/surefire-test-report-3.0.xsd" version="3.0" name="com.example.AppTest" time="2.353" tests="10" errors="0" skipped="0" failures="0">
  <properties>
[...]
</properties>
  <testcase name="testWordsWithMoreConsonantsOrEqual" classname="com.example.AppTest" time="0.526"/>
  <testcase name="testEmptyInput" classname="com.example.AppTest" time="0.02"/>
  <testcase name="testParameterizedInput(String, String, boolean)[1]" classname="com.example.AppTest" time="0.418"/>
  <testcase name="testParameterizedInput(String, String, boolean)[2]" classname="com.example.AppTest" time="0.035"/>
  <testcase name="testParameterizedInput(String, String, boolean)[3]" classname="com.example.AppTest" time="0.009"/>
  <testcase name="testCountingVowelsException" classname="com.example.AppTest" time="0.038"/>
  <testcase name="testCountingVowels" classname="com.example.AppTest" time="0.043"/>
  <testcase name="testFileRead" classname="com.example.AppTest" time="0.058"/>
  <testcase name="testHamcrestMatchers" classname="com.example.AppTest" time="0.043"/>
  <testcase name="testFileNotFound" classname="com.example.AppTest" time="0.016"/>
</testsuite>