<?xml version="1.0" encoding="UTF-8"?>
<testsuite xmlns:xsi="http://www.w3.org/2001/XMLSchema-instance" xsi:noNamespaceSchemaLocation="https://maven.apache.org/surefire/maven-surefire-plugin/xsd/surefire-test-report-3.0.xsd" version="3.0" name="TestSuite" time="1.722" tests="10" errors="0" skipped="0" failures="0">
  <properties>
[...]
</properties>
  <testcase name="testCountingVowels" classname="com.example.AppTest" time="0.031">
    <system-out><![CDATA[[Configuration] [WARN] Detected a static method [com.example.AppTest.setupAll()]. Static configuration methods can cause  unexpected behavior.
]]></system-out>
  </testcase>
  <testcase name="testCountingVowelsException" classname="com.example.AppTest" time="0.006"/>
  <testcase name="testEmptyInput" classname="com.example.AppTest" time="0.002"/>
  <testcase name="testFileNotFound" classname="com.example.AppTest" time="0.021"/>
  <testcase name="testFileRead" classname="com.example.AppTest" time="0.012"/>
  <testcase name="testHamcrestMatchers" classname="com.example.AppTest" time="0.024"/>
  <testcase name="testParameterizedInput[Aeonian eon of an input string, Aeonian, true](1)" classname="com.example.AppTest" time="0.007"/>
  <testcase name="testParameterizedInput[Aeonian, Aeonian, true](2)" classname="com.example.AppTest" time="0.001"/>
  <testcase name="testParameterizedInput[string, Aeonian, false](3)" classname="com.example.AppTest" time="0.001"/>
  <testcase name="testWordsWithMoreConsonantsOrEqual" classname="com.example.AppTest" time="0.002"/>
</testsuite>