<?xml version="1.0" encoding="UTF-8"?>
<!-- Generated by org.testng.reporters.JUnitXMLReporter -->
<testsuite ignored="0" hostname="tango-HP-Pavilion-m6-Notebook-PC" failures="0" tests="10" name="TestNGTests" time="0.278" errors="0" timestamp="2023-05-08T16:15:32 EEST">
  <testcase classname="com.example.AppTest" name="testCountingVowels" time="0.042"/>
  <testcase classname="com.example.AppTest" name="testCountingVowelsException" time="0.006"/>
  <testcase classname="com.example.AppTest" name="testEmptyInput" time="0.004"/>
  <testcase classname="com.example.AppTest" name="testFileNotFound" time="0.021"/>
  <testcase classname="com.example.AppTest" name="testFileRead" time="0.011"/>
  <testcase classname="com.example.AppTest" name="testHamcrestMatchers" time="0.024"/>
  <testcase classname="com.example.AppTest" name="testParameterizedInput" time="0.005"/>
  <testcase classname="com.example.AppTest" name="testParameterizedInput" time="0.001"/>
  <testcase classname="com.example.AppTest" name="testParameterizedInput" time="0.001"/>
  <testcase classname="com.example.AppTest" name="testWordsWithMoreConsonantsOrEqual" time="0.002"/>
</testsuite> <!-- TestNGTests -->
